# JRE version: Java(TM) SE Runtime Environment (18.0.2.1+1) (build 18.0.2.1+1-1)
# Java VM: Java HotSpot(TM) 64-Bit Server VM (18.0.2.1+1-1, mixed mode, sharing, tiered, compressed oops, compressed class ptrs, g1 gc, windows-amd64)
GC Precious Log:
 CardTable entry size: 512
 Card Set container configuration: InlinePtr #cards 5 size 8 Array Of Cards #cards 12 size 40 Howl #buckets 4 coarsen threshold 1843 Howl Bitmap #cards 512 size 80 coarsen threshold 460 Card regions per heap region 1 cards per card region 2048
 CPUs: 4 total, 4 available
 Memory: 8069M
 Large Page Support: Disabled
 NUMA Support: Disabled
 Compressed Oops: Enabled (32-bit)
 Heap Region Size: 1M
 Heap Min Capacity: 8M
 Heap Initial Capacity: 128M
 Heap Max Capacity: 2018M
 Pre-touch: Disabled
 Parallel Workers: 4
 Concurrent Workers: 1
 Concurrent Refinement Workers: 4
 Periodic GC: Disabled
Heap:
 garbage-first heap   total 66560K, used 45017K [0x0000000081e00000, 0x0000000100000000)
  region size 1024K, 19 young (19456K), 3 survivors (3072K)
 Metaspace       used 65607K, committed 66176K, reserved 1114112K
  class space    used 8890K, committed 9152K, reserved 1048576K
GC Heap History (20 events):
Event: 6.276 GC heap before
{Heap before GC invocations=6 (full 0):
 garbage-first heap   total 55296K, used 35733K [0x0000000081e00000, 0x0000000100000000)
  region size 1024K, 23 young (23552K), 3 survivors (3072K)
 Metaspace       used 27068K, committed 27392K, reserved 1114112K
  class space    used 3478K, committed 3648K, reserved 1048576K
}
Event: 6.283 GC heap after
{Heap after GC invocations=7 (full 0):
 garbage-first heap   total 55296K, used 17430K [0x0000000081e00000, 0x0000000100000000)
  region size 1024K, 2 young (2048K), 2 survivors (2048K)
 Metaspace       used 27068K, committed 27392K, reserved 1114112K
  class space    used 3478K, committed 3648K, reserved 1048576K
}
Event: 7.109 GC heap before
{Heap before GC invocations=7 (full 0):
 garbage-first heap   total 55296K, used 38934K [0x0000000081e00000, 0x0000000100000000)
  region size 1024K, 23 young (23552K), 2 survivors (2048K)
 Metaspace       used 30337K, committed 30784K, reserved 1114112K
  class space    used 3963K, committed 4160K, reserved 1048576K
}
Event: 7.120 GC heap after
{Heap after GC invocations=8 (full 0):
 garbage-first heap   total 55296K, used 19416K [0x0000000081e00000, 0x0000000100000000)
  region size 1024K, 3 young (3072K), 3 survivors (3072K)
 Metaspace       used 30337K, committed 30784K, reserved 1114112K
  class space    used 3963K, committed 4160K, reserved 1048576K
}
Event: 8.035 GC heap before
{Heap before GC invocations=8 (full 0):
 garbage-first heap   total 55296K, used 39896K [0x0000000081e00000, 0x0000000100000000)
  region size 1024K, 23 young (23552K), 3 survivors (3072K)
 Metaspace       used 34376K, committed 34752K, reserved 1114112K
  class space    used 4510K, committed 4672K, reserved 1048576K
}
Event: 8.047 GC heap after
{Heap after GC invocations=9 (full 0):
 garbage-first heap   total 55296K, used 21095K [0x0000000081e00000, 0x0000000100000000)
  region size 1024K, 2 young (2048K), 2 survivors (2048K)
 Metaspace       used 34376K, committed 34752K, reserved 1114112K
  class space    used 4510K, committed 4672K, reserved 1048576K
}
Event: 8.320 GC heap before
{Heap before GC invocations=9 (full 0):
 garbage-first heap   total 55296K, used 25191K [0x0000000081e00000, 0x0000000100000000)
  region size 1024K, 7 young (7168K), 2 survivors (2048K)
 Metaspace       used 35668K, committed 36096K, reserved 1114112K
  class space    used 4702K, committed 4928K, reserved 1048576K
}
Event: 8.326 GC heap after
{Heap after GC invocations=10 (full 0):
 garbage-first heap   total 66560K, used 20992K [0x0000000081e00000, 0x0000000100000000)
  region size 1024K, 2 young (2048K), 2 survivors (2048K)
 Metaspace       used 35668K, committed 36096K, reserved 1114112K
  class space    used 4702K, committed 4928K, reserved 1048576K
}
Event: 9.794 GC heap before
{Heap before GC invocations=11 (full 0):
 garbage-first heap   total 66560K, used 49664K [0x0000000081e00000, 0x0000000100000000)
  region size 1024K, 30 young (30720K), 2 survivors (2048K)
 Metaspace       used 45593K, committed 46016K, reserved 1114112K
  class space    used 5963K, committed 6144K, reserved 1048576K
}
Event: 9.804 GC heap after
{Heap after GC invocations=12 (full 0):
 garbage-first heap   total 66560K, used 23811K [0x0000000081e00000, 0x0000000100000000)
  region size 1024K, 4 young (4096K), 4 survivors (4096K)
 Metaspace       used 45593K, committed 46016K, reserved 1114112K
  class space    used 5963K, committed 6144K, reserved 1048576K
}
Event: 10.631 GC heap before
{Heap before GC invocations=12 (full 0):
 garbage-first heap   total 66560K, used 50435K [0x0000000081e00000, 0x0000000100000000)
  region size 1024K, 30 young (30720K), 4 survivors (4096K)
 Metaspace       used 50282K, committed 50688K, reserved 1114112K
  class space    used 6545K, committed 6720K, reserved 1048576K
}
Event: 10.641 GC heap after
{Heap after GC invocations=13 (full 0):
 garbage-first heap   total 66560K, used 25492K [0x0000000081e00000, 0x0000000100000000)
  region size 1024K, 2 young (2048K), 2 survivors (2048K)
 Metaspace       used 50282K, committed 50688K, reserved 1114112K
  class space    used 6545K, committed 6720K, reserved 1048576K
}
Event: 11.611 GC heap before
{Heap before GC invocations=13 (full 0):
 garbage-first heap   total 66560K, used 50068K [0x0000000081e00000, 0x0000000100000000)
  region size 1024K, 27 young (27648K), 2 survivors (2048K)
 Metaspace       used 56756K, committed 57216K, reserved 1114112K
  class space    used 7622K, committed 7808K, reserved 1048576K
}
Event: 11.618 GC heap after
{Heap after GC invocations=14 (full 0):
 garbage-first heap   total 66560K, used 26167K [0x0000000081e00000, 0x0000000100000000)
  region size 1024K, 3 young (3072K), 3 survivors (3072K)
 Metaspace       used 56756K, committed 57216K, reserved 1114112K
  class space    used 7622K, committed 7808K, reserved 1048576K
}
Event: 12.180 GC heap before
{Heap before GC invocations=14 (full 0):
 garbage-first heap   total 66560K, used 42551K [0x0000000081e00000, 0x0000000100000000)
  region size 1024K, 21 young (21504K), 3 survivors (3072K)
 Metaspace       used 60124K, committed 60608K, reserved 1114112K
  class space    used 8125K, committed 8320K, reserved 1048576K
}
Event: 12.188 GC heap after
{Heap after GC invocations=15 (full 0):
 garbage-first heap   total 66560K, used 27000K [0x0000000081e00000, 0x0000000100000000)
  region size 1024K, 2 young (2048K), 2 survivors (2048K)
 Metaspace       used 60124K, committed 60608K, reserved 1114112K
  class space    used 8125K, committed 8320K, reserved 1048576K
}
Event: 19.916 GC heap before
{Heap before GC invocations=16 (full 0):
 garbage-first heap   total 66560K, used 51576K [0x0000000081e00000, 0x0000000100000000)
  region size 1024K, 27 young (27648K), 2 survivors (2048K)
 Metaspace       used 62777K, committed 63360K, reserved 1114112K
  class space    used 8472K, committed 8768K, reserved 1048576K
}
Event: 19.928 GC heap after
{Heap after GC invocations=17 (full 0):
 garbage-first heap   total 66560K, used 28362K [0x0000000081e00000, 0x0000000100000000)
  region size 1024K, 4 young (4096K), 4 survivors (4096K)
 Metaspace       used 62777K, committed 63360K, reserved 1114112K
  class space    used 8472K, committed 8768K, reserved 1048576K
}
Event: 21.711 GC heap before
{Heap before GC invocations=17 (full 0):
 garbage-first heap   total 66560K, used 52938K [0x0000000081e00000, 0x0000000100000000)
  region size 1024K, 28 young (28672K), 4 survivors (4096K)
 Metaspace       used 64521K, committed 65088K, reserved 1114112K
  class space    used 8718K, committed 8960K, reserved 1048576K
}
Event: 21.728 GC heap after
{Heap after GC invocations=18 (full 0):
 garbage-first heap   total 66560K, used 29657K [0x0000000081e00000, 0x0000000100000000)
  region size 1024K, 3 young (3072K), 3 survivors (3072K)
 Metaspace       used 64521K, committed 65088K, reserved 1114112K
  class space    used 8718K, committed 8960K, reserved 1048576K
}

